 [2018-09-28 23:14:08.140 Info] Changing wallpaper to "W:\github2\AtlinUtils\Chameleon\Wallpapers\Time\11PM.jpg" for Time = 11PM
 [2018-09-28 23:14:34.405 Info] Changing wallpaper to "W:\github2\AtlinUtils\Chameleon\Wallpapers\Time\11PM.jpg" for Time = 11PM
 [2018-09-28 23:14:51.523 Info] Changing wallpaper to "W:\github2\AtlinUtils\Chameleon\Wallpapers\Time\11PM.jpg" for Time = 11PM
 [2018-09-28 23:15:51.532 Info] Changing wallpaper to "W:\github2\AtlinUtils\Chameleon\Wallpapers\Time\11PM.jpg" for Time = 11PM
 [2018-09-28 23:16:39.075 Info] Changing wallpaper to "W:\github2\AtlinUtils\Chameleon\Wallpapers\Time\11PM.jpg" for Time = 11PM
 [2018-09-28 23:16:47.209 Info] Changing wallpaper to "W:\github2\AtlinUtils\Chameleon\Wallpapers\Time\11PM.jpg" for Time = 11PM
 [2018-09-28 23:16:58.944 Info] Changing wallpaper to "W:\github2\AtlinUtils\Chameleon\Wallpapers\Time\11PM.jpg" for Time = 11PM
 [2018-09-28 23:18:13.814 Info] Changing wallpaper to "W:\github2\AtlinUtils\Chameleon\Wallpapers\Time\11PM.jpg" for Time = 11PM
 [2018-09-28 23:23:43.371 Info] Changing wallpaper to "W:\github2\AtlinUtils\Chameleon\Wallpapers\Time\11PM.jpg" for Time = 11PM
 [2018-09-28 23:24:58.685 Info] Changing wallpaper to "W:\github2\AtlinUtils\Chameleon\Wallpapers\Time\11PM.jpg" for Time = 11PM
 [2018-09-28 23:27:46.312 Info] Changing wallpaper to "W:\github2\AtlinUtils\Chameleon\Wallpapers\Time\11PM.jpg" for Time = 11PM
 [2018-09-28 23:28:46.301 Info] Changing wallpaper to "W:\github2\AtlinUtils\Chameleon\Wallpapers\Time\11PM.jpg" for Time = 11PM
 [2018-09-28 23:29:46.298 Info] Changing wallpaper to "W:\github2\AtlinUtils\Chameleon\Wallpapers\Time\11PM.jpg" for Time = 11PM
 [2018-09-28 23:30:11.306 Info] Changing wallpaper to "W:\github2\AtlinUtils\Chameleon\Wallpapers\Time\11PM.jpg" for Time = 11PM
 [2018-10-03 14:23:01.171 Info] Changing wallpaper to "W:\github2\AtlinUtils\Chameleon\Wallpapers\Time\2PM.jpg" for Time = 2PM
 [2018-10-03 14:42:08.530 Info] Changing wallpaper to "W:\github2\AtlinUtils\Chameleon\Wallpapers\Time\2PM.jpg" for Time = 2PM
 [2018-10-03 14:43:08.526 Info] Changing wallpaper to "W:\github2\AtlinUtils\Chameleon\Wallpapers\Time\2PM.jpg" for Time = 2PM
 [2018-10-03 14:44:08.527 Info] Changing wallpaper to "W:\github2\AtlinUtils\Chameleon\Wallpapers\Time\2PM.jpg" for Time = 2PM
 [2018-10-03 14:47:37.593 Info] Changing wallpaper to "W:\github2\AtlinUtils\Chameleon\Wallpapers\Time\2PM.jpg" for Time = 2PM
 [2018-10-03 14:48:02.993 Info] Changing wallpaper to "W:\github2\AtlinUtils\Chameleon\Wallpapers\Time\2PM.jpg" for Time = 2PM
 [2018-10-03 14:48:10.499 Info] Changing wallpaper to "W:\github2\AtlinUtils\Chameleon\Wallpapers\Time\2PM.jpg" for Time = 2PM
 [2018-10-03 14:48:20.479 Info] Changing wallpaper to "W:\github2\AtlinUtils\Chameleon\Wallpapers\Time\2PM.jpg" for Time = 2PM
 [2018-10-03 14:48:30.489 Info] Changing wallpaper to "W:\github2\AtlinUtils\Chameleon\Wallpapers\Time\2PM.jpg" for Time = 2PM
 [2018-10-03 14:48:40.484 Info] Changing wallpaper to "W:\github2\AtlinUtils\Chameleon\Wallpapers\Time\2PM.jpg" for Time = 2PM
 [2018-10-03 14:48:50.489 Info] Changing wallpaper to "W:\github2\AtlinUtils\Chameleon\Wallpapers\Time\2PM.jpg" for Time = 2PM
 [2018-10-03 14:49:00.481 Info] Changing wallpaper to "W:\github2\AtlinUtils\Chameleon\Wallpapers\Time\2PM.jpg" for Time = 2PM
 [2018-10-03 14:49:10.489 Info] Changing wallpaper to "W:\github2\AtlinUtils\Chameleon\Wallpapers\Time\2PM.jpg" for Time = 2PM
 [2018-10-03 14:49:20.490 Info] Changing wallpaper to "W:\github2\AtlinUtils\Chameleon\Wallpapers\Time\2PM.jpg" for Time = 2PM
 [2018-10-03 14:49:30.485 Info] Changing wallpaper to "W:\github2\AtlinUtils\Chameleon\Wallpapers\Time\2PM.jpg" for Time = 2PM
 [2018-10-03 14:50:35.438 Info] Changing wallpaper to "W:\github2\AtlinUtils\Chameleon\Wallpapers\Time\Chameleonisrunning:
2PM.jpg" for Time = Chameleonisrunning:
2PM
 [2018-10-03 14:50:35.438 Error] "W:\github2\AtlinUtils\Chameleon\Wallpapers\Time\Chameleonisrunning:
2PM.jpg" does not exist!
 [2018-10-03 14:51:01.686 Info] Changing wallpaper to "W:\github2\AtlinUtils\Chameleon\Wallpapers\Time\2PM.jpg" for Time = 2PM
 [2018-10-03 14:51:11.696 Info] Changing wallpaper to "W:\github2\AtlinUtils\Chameleon\Wallpapers\Time\2PM.jpg" for Time = 2PM
 [2018-10-03 14:51:21.685 Info] Changing wallpaper to "W:\github2\AtlinUtils\Chameleon\Wallpapers\Time\2PM.jpg" for Time = 2PM
 [2018-10-03 14:51:31.686 Info] Changing wallpaper to "W:\github2\AtlinUtils\Chameleon\Wallpapers\Time\2PM.jpg" for Time = 2PM
 [2018-10-03 14:51:41.682 Info] Changing wallpaper to "W:\github2\AtlinUtils\Chameleon\Wallpapers\Time\2PM.jpg" for Time = 2PM
 [2018-10-03 14:51:51.684 Info] Changing wallpaper to "W:\github2\AtlinUtils\Chameleon\Wallpapers\Time\2PM.jpg" for Time = 2PM
 [2018-10-03 14:52:01.685 Info] Changing wallpaper to "W:\github2\AtlinUtils\Chameleon\Wallpapers\Time\2PM.jpg" for Time = 2PM
 [2018-10-03 14:52:11.694 Info] Changing wallpaper to "W:\github2\AtlinUtils\Chameleon\Wallpapers\Time\2PM.jpg" for Time = 2PM
 [2018-10-03 14:52:35.410 Info] Changing wallpaper to "W:\github2\AtlinUtils\Chameleon\Wallpapers\Time\2PM.jpg" for Time = 2PM
 [2018-10-03 15:01:32.021 Info] Changing wallpaper to "W:\github2\AtlinUtils\Chameleon\Wallpapers\WeatherConditions\Clear.jpg" for WeatherConditions = Clear
 [2018-10-03 15:01:43.811 Info] Changing wallpaper to "W:\github2\AtlinUtils\Chameleon\Wallpapers\Temperature\80To89DegF.jpg" for Temperature = 80To89DegF
 [2019-01-09 17:18:06.181 Info] Changing wallpaper to "F:\Chameleon-master\Chameleon\Wallpapers\WeatherConditions\Overcast.jpg" for WeatherConditions = Overcast
 [2019-01-09 17:19:05.516 Info] Changing wallpaper to "F:\Chameleon-master\Chameleon\Wallpapers\WeatherConditions\Overcast.jpg" for WeatherConditions = Overcast
 [2019-05-12 20:04:55.937 Info] Changing wallpaper to "C:\Users\ianma\Documents\GitHub\Chameleon\Chameleon\Wallpapers\WeatherConditions\Clear.jpg" for WeatherConditions = Clear
 [2019-05-12 20:40:55.664 Info] Changing wallpaper to "C:\Users\ianma\Documents\GitHub\Chameleon\Chameleon\Wallpapers\WeatherConditions\Clear.jpg" for WeatherConditions = Clear
 [2019-05-12 20:41:55.096 Info] Changing wallpaper to "C:\Users\ianma\Documents\GitHub\Chameleon\Chameleon\Wallpapers\WeatherConditions\Clear.jpg" for WeatherConditions = Clear
 [2019-05-12 20:46:08.773 Info] Changing wallpaper to "C:\Users\ianma\Documents\GitHub\Chameleon\Chameleon\Wallpapers\WeatherConditions\Clear.jpg" for WeatherConditions = Clear
 [2019-05-12 20:46:30.503 Info] Changing wallpaper to "C:\Users\ianma\Documents\GitHub\Chameleon\Chameleon\Wallpapers\WeatherConditions\Clear.jpg" for WeatherConditions = Clear
 [2019-05-12 20:51:33.105 Info] Changing wallpaper to "C:\Users\ianma\Documents\GitHub\Chameleon\Chameleon\Wallpapers\WeatherConditions\Clear.jpg" for WeatherConditions = Clear
 [2019-05-12 20:52:18.185 Info] Changing wallpaper to "C:\Users\ianma\Documents\GitHub\Chameleon\Chameleon\Wallpapers\WeatherConditions\Clear.jpg" for WeatherConditions = Clear
 [2019-05-12 20:53:56.242 Info] Changing wallpaper to "C:\Users\ianma\Documents\GitHub\Chameleon\Chameleon\Wallpapers\WeatherConditions\Clear.jpg" for WeatherConditions = Clear
 [2019-05-12 20:56:43.804 Info] Changing wallpaper to "C:\Users\ianma\Documents\GitHub\Chameleon\Chameleon\Wallpapers\WeatherConditions\Clear.jpg" for WeatherConditions = Clear
 [2019-05-12 20:58:32.265 Info] Changing wallpaper to "C:\Users\ianma\Documents\GitHub\Chameleon\Chameleon\Wallpapers\WeatherConditions\Clear.jpg" for WeatherConditions = Clear
 [2019-05-12 20:58:52.300 Info] Changing wallpaper to "C:\Users\ianma\Documents\GitHub\Chameleon\Chameleon\Wallpapers\WeatherConditions\Clear.jpg" for WeatherConditions = Clear
 [2019-05-12 20:59:06.861 Info] Changing wallpaper to "C:\Users\ianma\Documents\GitHub\Chameleon\Chameleon\Wallpapers\WeatherConditions\Clear.jpg" for WeatherConditions = Clear
 [2019-05-12 21:03:20.074 Info] Changing wallpaper to "C:\Users\ianma\Documents\GitHub\Chameleon\Chameleon\Wallpapers\WeatherConditions\Clear.jpg" for WeatherConditions = Clear
 [2019-05-12 21:08:37.573 Info] Changing wallpaper to "C:\Users\ianma\Documents\GitHub\Chameleon\Chameleon\Wallpapers\WeatherConditions\Clear.jpg" for WeatherConditions = Clear
 [2019-05-12 21:10:53.912 Info] Changing wallpaper to "C:\Users\ianma\Documents\GitHub\Chameleon\Chameleon\Wallpapers\WeatherConditions\Clear.jpg" for WeatherConditions = Clear
 [2019-05-12 21:11:11.814 Info] Changing wallpaper to "C:\Users\ianma\Documents\GitHub\Chameleon\Chameleon\Wallpapers\WeatherConditions\Clear.jpg" for WeatherConditions = Clear
 [2019-05-12 21:12:59.968 Info] Changing wallpaper to "C:\Users\ianma\Documents\GitHub\Chameleon\Chameleon\Wallpapers\WeatherConditions\Clear.jpg" for WeatherConditions = Clear
 [2019-05-12 21:15:03.545 Info] Changing wallpaper to "C:\Users\ianma\Documents\GitHub\Chameleon\Chameleon\Wallpapers\WeatherConditions\Clear.jpg" for WeatherConditions = Clear
 [2019-05-12 21:15:13.626 Info] Changing wallpaper to "C:\Users\ianma\Documents\GitHub\Chameleon\Chameleon\Wallpapers\WeatherConditions\Clear.jpg" for WeatherConditions = Clear
 [2019-05-12 21:15:45.289 Info] Changing wallpaper to "C:\Users\ianma\Documents\GitHub\Chameleon\Chameleon\Wallpapers\WeatherConditions\AFewClouds.jpg" for WeatherConditions = AFewClouds
 [2019-05-12 21:15:58.348 Info] Changing wallpaper to "C:\Users\ianma\Documents\GitHub\Chameleon\Chameleon\Wallpapers\WeatherConditions\AFewClouds.jpg" for WeatherConditions = AFewClouds
 [2019-05-12 21:16:21.861 Info] Changing wallpaper to "C:\Users\ianma\Documents\GitHub\Chameleon\Chameleon\Wallpapers\WeatherConditions\AFewClouds.jpg" for WeatherConditions = AFewClouds
 [2019-05-12 21:22:43.156 Info] Changing wallpaper to "C:\Users\ianma\Documents\GitHub\Chameleon\Chameleon\Wallpapers\WeatherConditions\AFewClouds.jpg" for WeatherConditions = AFewClouds
 [2019-05-12 21:23:11.104 Info] Changing wallpaper to "C:\Users\ianma\Documents\GitHub\Chameleon\Chameleon\Wallpapers\WeatherConditions\AFewClouds.jpg" for WeatherConditions = AFewClouds
 [2019-05-12 21:26:49.262 Info] Changing wallpaper to "C:\Users\ianma\Documents\GitHub\Chameleon\Chameleon\Wallpapers\WeatherConditions\AFewClouds.jpg" for WeatherConditions = AFewClouds
